------------------------------------------------------------------------------------------
      name:  <unnamed>
       log:  /Users/benson/Desktop/econ_analysis/education/educ_finance_analysis/results/e
> duc_finance.log
  log type:  text
 opened on:  10 Mar 2026, 03:44:11

. * creates a logfile and saves it in the results subfolder
. 
. use "data/school_spending", clear
(Written by R.              )

. * loads the dataset: "school_spending.dta"
. 
. 
. ******Inspecting and cleaning the dataset******
. 
. describe // check for general overview of the dataset

Contains data from data/school_spending.dta
 Observations:           420                  Written by R.              
    Variables:            11                  8 Nov 2012 14:33
------------------------------------------------------------------------------------------
Variable      Storage   Display    Value
    name         type    format    label      Variable label
------------------------------------------------------------------------------------------
dist_cod        long    %9.0g                 District-ID
meal_pct        double  %9.0g                 Anteil der Schüler, die
                                                Essensvergünstigungen erhalten
computer        long    %9.0g                 Anzahl der Computer
testscr         double  %9.0g                 Durchschnittliches Testergebnis
                                                (=(read_scr+math_scr)/2)
comp_stu        double  %9.0g                 Anzahl der Computer pro Schüler
expn_stu        double  %9.0g                 Ausgaben pro Schüler
str             double  %9.0g                 Verhältnis Anzahl Schüler/Anzahl Lehrer
avginc          double  %9.0g                 Durchschnittliches Einkommen
el_pct          double  %9.0g                 Anteil der Schüler, die Englisch lernen
read_scr        double  %9.0g                 Durchschnittlich erreichte Punktezahl im
                                                Lesen
math_scr        double  %9.0g                 Durchschnittlich erreichte Punktezahl in
                                                Mathematik
------------------------------------------------------------------------------------------
Sorted by: 

. * The dataset has 420 observations and 11 variables. Some variable labels are in German.
. 
. mdesc // check for missing data

    Variable    |     Missing          Total     Percent Missing
----------------+-----------------------------------------------
       dist_cod |           0            420           0.00
       meal_pct |           0            420           0.00
       computer |           0            420           0.00
        testscr |           0            420           0.00
       comp_stu |           0            420           0.00
       expn_stu |           0            420           0.00
            str |           0            420           0.00
         avginc |           0            420           0.00
         el_pct |           0            420           0.00
       read_scr |           0            420           0.00
       math_scr |           0            420           0.00
----------------+-----------------------------------------------

. *no missing observations in the datase
. 
. 
. ***** changing the variable labels to English****
. 
. label variable dist_cod "District-ID"

. label variable read_scr "Average test scores reading"

. label variable math_scr "Average test scores math"

. label variable testscr "Average test scores general (read_scr+math_scr)/2)"

. label variable meal_pct "Share of pupils with food vouchers (in %)"

. label variable comp_stu "Number of computers per pupil"

. label variable expn_stu "Expenditures per pupil"

. label variable avginc "Average income (in 1000 US$)"

. label variable el_pct "Share of non native English speakers (in %)"

. label variable str "Student Teacher Ration (in %)"

. label variable computer "Number of computers"

. 
. 
. save "data/school_spending_clean", replace // saves the cleaned data in data subfolder
file data/school_spending_clean.dta saved

. 
. 
. 
. ******Descriptive statistics *******
. 
. ssc install estout // install estout
checking estout consistency and verifying not already installed...
all files already exist and are up to date.

. 
. estpost summarize testscr expn_stu meal_pct comp_stu avginc el_pct

             |  e(count)   e(sum_w)    e(mean)     e(Var)      e(sd)     e(min) 
-------------+------------------------------------------------------------------
     testscr |       420        420   654.1565   363.0301   19.05335     605.55 
    expn_stu |       420        420   5312.408   401876.2   633.9371    3926.07 
    meal_pct |       420        420   44.70524   735.6778   27.12338          0 
    comp_stu |       420        420   .1359266   .0042193   .0649558          0 
      avginc |       420        420   15.31659   52.21348    7.22589      5.335 
      el_pct |       420        420   15.76816   334.3751   18.28593          0 

             |    e(max)     e(sum) 
-------------+----------------------
     testscr |    706.75   274745.8 
    expn_stu |  7711.507    2231211 
    meal_pct |       100    18776.2 
    comp_stu |  .4208333   57.08918 
      avginc |    55.328   6432.967 
      el_pct |  85.53972   6622.625 

. esttab using results/Table1.rtf, ///
> cells("mean sd min max count") ///
> title("Table 1: Summary Statistics") ///
> label replace
(output written to results/Table1.rtf)

. * This produces summary statistics and saves the output as Table1 in the results subfold
> er.
. 
. *** graphical analysis of key variables: testscr (average test scores) and expn_stu (exp
> enditure per pupil)****
. 
. *** creating a histogram of the distribution of average test scores***
. histogram testscr, frequency normal ///
>  title ("Histogram of the Distribution of Pupil's Average Test Scores") ///
>  xtitle ("Average Test Scores") ///
>  ytitle ("Frequency") ///
>  start(605) ///
>  width (5) ///
>  graphregion(color(white)) ///
>  name (FigureI, replace)
(bin=21, start=605, width=5)

.  graph export "results/FigureI.png", replace
file
    /Users/benson/Desktop/econ_analysis/education/educ_finance_analysis/results/FigureI.
    > png saved as PNG format

.  * Saves the histogram as Figure1 in the results subfolder
. 
. *** creating a histogram of the distribution of expenditure per pupil***
. histogram expn_stu, frequency normal ///
>  start(3926) ///
>  title ("Histogram of the Distribution of School Expenditure Per Pupil") ///
>  xtitle ("Expenditure Per Pupil") ///
>  ytitle ("Frequency") ///
>  graphregion(color(white)) ///
>  name (FigureII, replace)
(bin=20, start=3926, width=189.27534)

.  graph export "results/FigureII.png", replace
file
    /Users/benson/Desktop/econ_analysis/education/educ_finance_analysis/results/FigureII
    > .png saved as PNG format

.  * saves the histogram as FigureII in the results subfolder.
.  
.  
.  *** Analyzing the relationship between average test scores and expenditure per pupils**
> *
. 
. correlate testscr expn_stu // obtain correlation coefficient
(obs=420)

             |  testscr expn_stu
-------------+------------------
     testscr |   1.0000
    expn_stu |   0.1913   1.0000


.  local corr = r(rho) // extracts the correlation coefficient to later include in the sca
> tter plot

.  
.  *** creating a twoway scatter plot***
.  twoway ///
>  (scatter testscr expn_stu, ///
>  mcolor(navy) ///
>  msize(small) ///
>  msymbol(circle)) ///
>  (lfit testscr expn_stu, ///
>  lcolor(red) ///
>  lwidth(medium)), ///
>  title("Scatter Plot of Pupil's Test Scores and Expenditure Per Pupil") ///
>  subtitle("Correlation = `: display %4.3f `corr''") ///
>  xtitle("Expenditure Per Pupil") ///
>  ytitle("Average Test Score", margin(medium)) ///
>  legend(order(1 "Observed Values" 2 "Fitted Line")) ///
>  graphregion(color(white)) ///
>  name(FigureIII, replace)

.  
.  graph export "results/FigureIII.png", replace // exports the scatter plot as FigureIII.
file
    /Users/benson/Desktop/econ_analysis/education/educ_finance_analysis/results/FigureII
    > I.png saved as PNG format

.  
.  
.  
.  *** OLS Estimation of the effect of public spending on pupil's performance****
. /* 
> Baseline modal:
> 
> dependent variable: Average Test Scores, measured by testscr
> Independent variable: Expenditure per pupils, measured by expn_stu
> 
> Covariates: 
>  - share of pupils with food vouchers, meal_pct
>  - number of computers per pupil, comp_stu
>  - share of non-native English speakers, el_pct
> */
. 
. *** 
. generate log_expn = log(expn_stu) // log transforming expenditure per pupil (expn_stu)

. 
. label variable log_expn "log (expenditure per pupil)" // labeling log_expn

. 
. *** regression analysis
. 
. eststo modelI: regress testscr log_expn // bivariate regression analysis

      Source |       SS           df       MS      Number of obs   =       420
-------------+----------------------------------   F(1, 418)       =     13.54
       Model |   4772.3066         1   4772.3066   Prob > F        =    0.0003
    Residual |  147337.287       418  352.481548   R-squared       =    0.0314
-------------+----------------------------------   Adj R-squared   =    0.0291
       Total |  152109.594       419  363.030056   Root MSE        =    18.774

------------------------------------------------------------------------------
     testscr | Coefficient  Std. err.      t    P>|t|     [95% conf. interval]
-------------+----------------------------------------------------------------
    log_expn |   29.46525   8.007818     3.68   0.000     13.72464    45.20586
       _cons |   401.6071   68.64189     5.85   0.000     266.6808    536.5334
------------------------------------------------------------------------------

. * This also stores the estimates as modelI. The coefficient is positive, conforming to t
> hat of the scatter plot of the two variables.
. 
. eststo modelII: regress testscr log_expn el_pct comp_stu avginc meal_pct // multivariate
>  analysis, including all covariates.

      Source |       SS           df       MS      Number of obs   =       420
-------------+----------------------------------   F(5, 414)       =    348.49
       Model |  122907.008         5  24581.4015   Prob > F        =    0.0000
    Residual |   29202.586       414  70.5376473   R-squared       =    0.8080
-------------+----------------------------------   Adj R-squared   =    0.8057
       Total |  152109.594       419  363.030056   Root MSE        =    8.3987

------------------------------------------------------------------------------
     testscr | Coefficient  Std. err.      t    P>|t|     [95% conf. interval]
-------------+----------------------------------------------------------------
    log_expn |   8.905869   4.015565     2.22   0.027      1.01243    16.79931
      el_pct |  -.1866833   .0313232    -5.96   0.000    -.2482558   -.1251109
    comp_stu |   13.88711   6.778515     2.05   0.041     .5625096    27.21171
      avginc |   .6239465   .0875202     7.13   0.000     .4519071    .7959858
    meal_pct |  -.4056891   .0279526   -14.51   0.000    -.4606358   -.3507423
       _cons |   587.4592   33.49152    17.54   0.000     521.6246    653.2938
------------------------------------------------------------------------------

. 
. ***creating a publication-ready regression table consisting of model I and II above***
. 
. esttab modelI modelII using "results/baseline_reg.rtf", replace ///
> b(3) se(3) ///
> compress ///
> nogaps ///
> varwidth(20) ///
> star(* 0.10 ** 0.05 *** 0.01) ///
> stats(F p r2 r2_a N, fmt(3 3 3 3 0) ///
> labels("F_Statistic" "Prop > F" "R_Squared" "Adjusted R_squared" "Observations")) ///
> mtitles("Bivariate Regression" "Multivariate Regression") ///
> title("Table II: OLS Regression of Average Test Scores on Expenditure Per Pupil") ///
> label
(output written to results/baseline_reg.rtf)

. 
. 
. ***Comparing different model specifications****
. 
. /*
> Model I is the baseline multivariate model
> Model II is a semi-log model including log transformed average income
> */
. 
. eststo clear // clears previouly stored model estimates

.  
. histogram avginc // histogram of average income.
(bin=20, start=5.335, width=2.49965)

. * The distribution is not symmetric.
. 
.  generate log_avginc = log(avginc) // log transform average income. 

. * generates a log transformation of average income
. label variable log_avginc "log (average income)" // label log_avginc

. 
. 
. eststo modelI: regress testscr log_expn el_pct comp_stu avginc meal_pct // estimating ba
> seline model 1.

      Source |       SS           df       MS      Number of obs   =       420
-------------+----------------------------------   F(5, 414)       =    348.49
       Model |  122907.008         5  24581.4015   Prob > F        =    0.0000
    Residual |   29202.586       414  70.5376473   R-squared       =    0.8080
-------------+----------------------------------   Adj R-squared   =    0.8057
       Total |  152109.594       419  363.030056   Root MSE        =    8.3987

------------------------------------------------------------------------------
     testscr | Coefficient  Std. err.      t    P>|t|     [95% conf. interval]
-------------+----------------------------------------------------------------
    log_expn |   8.905869   4.015565     2.22   0.027      1.01243    16.79931
      el_pct |  -.1866833   .0313232    -5.96   0.000    -.2482558   -.1251109
    comp_stu |   13.88711   6.778515     2.05   0.041     .5625096    27.21171
      avginc |   .6239465   .0875202     7.13   0.000     .4519071    .7959858
    meal_pct |  -.4056891   .0279526   -14.51   0.000    -.4606358   -.3507423
       _cons |   587.4592   33.49152    17.54   0.000     521.6246    653.2938
------------------------------------------------------------------------------

. 
. eststo modelII: regress testscr log_expn log_avginc el_pct comp_stu meal_pct // estimati
> ng semi-log model II, with log transformed average income

      Source |       SS           df       MS      Number of obs   =       420
-------------+----------------------------------   F(5, 414)       =    332.65
       Model |  121793.871         5  24358.7742   Prob > F        =    0.0000
    Residual |  30315.7228       414  73.2263835   R-squared       =    0.8007
-------------+----------------------------------   Adj R-squared   =    0.7983
       Total |  152109.594       419  363.030056   Root MSE        =    8.5572

------------------------------------------------------------------------------
     testscr | Coefficient  Std. err.      t    P>|t|     [95% conf. interval]
-------------+----------------------------------------------------------------
    log_expn |   11.73497   4.029592     2.91   0.004     3.813962    19.65599
  log_avginc |   10.49154   1.805733     5.81   0.000     6.941992    14.04109
      el_pct |  -.1682669   .0315663    -5.33   0.000    -.2303171   -.1062167
    comp_stu |   16.93233   6.913389     2.45   0.015     3.342606    30.52205
    meal_pct |  -.4095558   .0309494   -13.23   0.000    -.4703934   -.3487183
       _cons |   544.4875   32.81839    16.59   0.000      479.976     608.999
------------------------------------------------------------------------------

. 
. *** comparing model I and II, using their AIC, BIC, and adjusted R-squared.
. 
. esttab modelI modelII using "results/model_testing_reg.rtf", replace ///
> b(3) se(3) ///
> compress ///
> nogaps ///
> varwidth(20) ///
> star(* 0.10 ** 0.05 *** 0.01) ///
> stats(r2_a aic bic N, fmt(3 3 3 0) ///
> labels("Adjusted R_squared" "AIC" "BIC" "Observations")) ///
> mtitles("Baseline Model" "log-linear Model") ///
> title("Table III: Testing and Comparing Different Model Specifications") ///
> label
(output written to results/model_testing_reg.rtf)

. **The baseline model has higher adjusted R_squared, lower AIC and BIC as compared to Mod
> el II.
. 
. 
. ***Testing and Correcting for Heteroskedasticity
. 
. eststo clear // clears stored model estimates

. 
. eststo m1: regress testscr log_expn el_pct comp_stu avginc meal_pct // this is the basel
> ine model without robust standard errors

      Source |       SS           df       MS      Number of obs   =       420
-------------+----------------------------------   F(5, 414)       =    348.49
       Model |  122907.008         5  24581.4015   Prob > F        =    0.0000
    Residual |   29202.586       414  70.5376473   R-squared       =    0.8080
-------------+----------------------------------   Adj R-squared   =    0.8057
       Total |  152109.594       419  363.030056   Root MSE        =    8.3987

------------------------------------------------------------------------------
     testscr | Coefficient  Std. err.      t    P>|t|     [95% conf. interval]
-------------+----------------------------------------------------------------
    log_expn |   8.905869   4.015565     2.22   0.027      1.01243    16.79931
      el_pct |  -.1866833   .0313232    -5.96   0.000    -.2482558   -.1251109
    comp_stu |   13.88711   6.778515     2.05   0.041     .5625096    27.21171
      avginc |   .6239465   .0875202     7.13   0.000     .4519071    .7959858
    meal_pct |  -.4056891   .0279526   -14.51   0.000    -.4606358   -.3507423
       _cons |   587.4592   33.49152    17.54   0.000     521.6246    653.2938
------------------------------------------------------------------------------

. 
. estat imtest, white // white test for heteroskedasticity in the baseline model

White's test
H0: Homoskedasticity
Ha: Unrestricted heteroskedasticity

   chi2(20) =  15.73
Prob > chi2 = 0.7335

Cameron & Trivedi's decomposition of IM-test

--------------------------------------------------
              Source |       chi2     df         p
---------------------+----------------------------
  Heteroskedasticity |      15.73     20    0.7335
            Skewness |       3.62      5    0.6053
            Kurtosis |       3.58      1    0.0583
---------------------+----------------------------
               Total |      22.93     26    0.6369
--------------------------------------------------

. ** Fail to reject homoskedasticity (Prob > chi2 = 0.7335 > 0.005). 
. 
. return list // checking which scalar contains the p-value of the white test.

scalars:
               r(df_t) =  26
             r(chi2_t) =  22.92957468433726
               r(df_k) =  1
             r(chi2_k) =  3.583928141405344
               r(df_s) =  5
             r(chi2_s) =  3.620333228872503
               r(df_h) =  20
             r(chi2_h) =  15.72531331405942
                  r(p) =  .7335123800731429
                 r(df) =  20
               r(chi2) =  15.72531448425574

. 
. scalar white_p = r(p) // storing the white test's p-value to later extract it and includ
> e in the regressiion table below.

. 
. est restore m1 // re-activates baseline model m1, to make inclusion of the white test p-
> value possibl
(results m1 are active now)

. estadd scalar white_p = white_p // adds the white test p-value into the baseline model, 
> m1

added scalar:
            e(white_p) =  .73351238

. 
. 
. ***estimating the baseline model with robust standard errors
. 
. eststo m2: regress testscr log_expn el_pct comp_stu avginc meal_pct, robust

Linear regression                               Number of obs     =        420
                                                F(5, 414)         =     376.58
                                                Prob > F          =     0.0000
                                                R-squared         =     0.8080
                                                Root MSE          =     8.3987

------------------------------------------------------------------------------
             |               Robust
     testscr | Coefficient  std. err.      t    P>|t|     [95% conf. interval]
-------------+----------------------------------------------------------------
    log_expn |   8.905869    4.25715     2.09   0.037     .5375438     17.2742
      el_pct |  -.1866833   .0320766    -5.82   0.000    -.2497366   -.1236301
    comp_stu |   13.88711   7.557854     1.84   0.067    -.9694456    28.74366
      avginc |   .6239465   .0840634     7.42   0.000     .4587022    .7891908
    meal_pct |  -.4056891   .0299239   -13.56   0.000    -.4645107   -.3468674
       _cons |   587.4592   35.53277    16.53   0.000     517.6121    657.3064
------------------------------------------------------------------------------

. est restore m2
(results m2 are active now)

. estadd scalar white_p = white_p // adds the white test p-value into the baseline model w
> ith robust standard errors, m2

added scalar:
            e(white_p) =  .73351238

. 
. 
. *** creating a publication-ready regression table of the baseline model with and without
>  robust standard errors, and including the white test p-value in it.
. 
. esttab m1 m2 using "results/robust.rtf", replace ///
> nogaps ///
> se star(* 0.10 ** 0.05 *** 0.01) ///
> stats(N r2 white_p, fmt(0 3 3) ///
> labels("Observations" "R_Squared" "White Test p_value")) ///
> mtitles("OLS" "OLS with Robust SE") ///
> title("Table IV: OLS Regression with Robust Standard Errors") ///
> label
(output written to results/robust.rtf)

. 
. 
. *** graphical detection of heteroskedasticity in the baseline model
. 
. regress testscr log_expn el_pct comp_stu avginc meal_pct

      Source |       SS           df       MS      Number of obs   =       420
-------------+----------------------------------   F(5, 414)       =    348.49
       Model |  122907.008         5  24581.4015   Prob > F        =    0.0000
    Residual |   29202.586       414  70.5376473   R-squared       =    0.8080
-------------+----------------------------------   Adj R-squared   =    0.8057
       Total |  152109.594       419  363.030056   Root MSE        =    8.3987

------------------------------------------------------------------------------
     testscr | Coefficient  Std. err.      t    P>|t|     [95% conf. interval]
-------------+----------------------------------------------------------------
    log_expn |   8.905869   4.015565     2.22   0.027      1.01243    16.79931
      el_pct |  -.1866833   .0313232    -5.96   0.000    -.2482558   -.1251109
    comp_stu |   13.88711   6.778515     2.05   0.041     .5625096    27.21171
      avginc |   .6239465   .0875202     7.13   0.000     .4519071    .7959858
    meal_pct |  -.4056891   .0279526   -14.51   0.000    -.4606358   -.3507423
       _cons |   587.4592   33.49152    17.54   0.000     521.6246    653.2938
------------------------------------------------------------------------------

. 
. predict resid_hat, resid // predict residuals

. 
. predict y_hat, xb // predict fitted values

. 
. *** creating a scatter plot of residuals and fitted values***
. twoway ///
> (scatter resid_hat y_hat, ///
> mcolor(navy) msize(small)) ///
> (lowess resid_hat y_hat, ///
> lcolor(red) lwidth(medium)), ///
> yline(0, lpattern(dash) lcolor(black)) ///
> title("Scatter Plot of Residuals and Fitted Values") ///
> xtitle("Fitted Values") ///
> ytitle("Residuals") ///
> legend(order(1 "Residuals" 2 "Lowess smooth")) ///
> graphregion(color(white)) ///
> name(FigureIV, replace)

. * exporting the scatter plot as MS Word
.  graph export "results/FigureIV.png", replace
file
    /Users/benson/Desktop/econ_analysis/education/educ_finance_analysis/results/FigureIV
    > .png saved as PNG format

. 
.  
. *** checking functional form specification using the RESET test
. * null hypothesis, Ho: the baseline model has no omitted variables/ is correctly specifi
> ed
. 
. regress testscr log_expn el_pct comp_stu avginc meal_pct

      Source |       SS           df       MS      Number of obs   =       420
-------------+----------------------------------   F(5, 414)       =    348.49
       Model |  122907.008         5  24581.4015   Prob > F        =    0.0000
    Residual |   29202.586       414  70.5376473   R-squared       =    0.8080
-------------+----------------------------------   Adj R-squared   =    0.8057
       Total |  152109.594       419  363.030056   Root MSE        =    8.3987

------------------------------------------------------------------------------
     testscr | Coefficient  Std. err.      t    P>|t|     [95% conf. interval]
-------------+----------------------------------------------------------------
    log_expn |   8.905869   4.015565     2.22   0.027      1.01243    16.79931
      el_pct |  -.1866833   .0313232    -5.96   0.000    -.2482558   -.1251109
    comp_stu |   13.88711   6.778515     2.05   0.041     .5625096    27.21171
      avginc |   .6239465   .0875202     7.13   0.000     .4519071    .7959858
    meal_pct |  -.4056891   .0279526   -14.51   0.000    -.4606358   -.3507423
       _cons |   587.4592   33.49152    17.54   0.000     521.6246    653.2938
------------------------------------------------------------------------------

. 
. estat ovtest // REESET test for model specification

Ramsey RESET test for omitted variables
Omitted: Powers of fitted values of testscr

H0: Model has no omitted variables

F(3, 411) =   0.37
 Prob > F = 0.7762

. * Fail to reject the null hypothesis (Prob > F = 0.7762 > 0.05). The baseline model has 
> no omitteed variables.
. 
. log close
      name:  <unnamed>
       log:  /Users/benson/Desktop/econ_analysis/education/educ_finance_analysis/results/e
> duc_finance.log
  log type:  text
 closed on:  10 Mar 2026, 03:44:25
------------------------------------------------------------------------------------------
